<?xml version="1.0" encoding="UTF-8"?>
<testng-results skipped="0" failed="0" total="1" passed="1">
  <reporter-output>
  </reporter-output>
  <suite name="Default suite" duration-ms="12448" started-at="2018-07-30T10:18:28Z" finished-at="2018-07-30T10:18:41Z">
    <groups>
    </groups>
    <test name="Default test" duration-ms="12448" started-at="2018-07-30T10:18:28Z" finished-at="2018-07-30T10:18:41Z">
      <class name="testng1.NewTest1">
        <test-method status="PASS" signature="beforeTest()[pri:0, instance:testng1.NewTest1@cc285f4]" name="beforeTest" is-config="true" duration-ms="10403" started-at="2018-07-30T15:48:28Z" finished-at="2018-07-30T15:48:39Z">
          <reporter-output>
          </reporter-output>
        </test-method> <!-- beforeTest -->
        <test-method status="PASS" signature="f()[pri:0, instance:testng1.NewTest1@cc285f4]" name="f" duration-ms="517" started-at="2018-07-30T15:48:39Z" finished-at="2018-07-30T15:48:39Z">
          <reporter-output>
          </reporter-output>
        </test-method> <!-- f -->
        <test-method status="PASS" signature="afterTest()[pri:0, instance:testng1.NewTest1@cc285f4]" name="afterTest" is-config="true" duration-ms="1506" started-at="2018-07-30T15:48:39Z" finished-at="2018-07-30T15:48:41Z">
          <reporter-output>
          </reporter-output>
        </test-method> <!-- afterTest -->
      </class> <!-- testng1.NewTest1 -->
    </test> <!-- Default test -->
  </suite> <!-- Default suite -->
</testng-results>
